monscanner/build/intermediates/manifest_merge_blame_file/release/manifest-merger-blame-release-report.txt
1<?xml version="1.0" encoding="utf-8"?>
2<manifest xmlns:android="http://schemas.android.com/apk/res/android"
3    package="com.monscanner"
4    android:versionCode="1"
5    android:versionName="1.0" >
6
7    <uses-sdk
8        android:minSdkVersion="21"
8-->src/main/AndroidManifest.xml
9        android:targetSdkVersion="29" />
9-->src/main/AndroidManifest.xml
10
11    <uses-permission android:name="android.permission.CAMERA" />
11-->src/main/AndroidManifest.xml:5:5-65
11-->src/main/AndroidManifest.xml:5:22-62
12    <uses-permission android:name="android.permission.WRITE_EXTERNAL_STORAGE" />
12-->src/main/AndroidManifest.xml:6:5-81
12-->src/main/AndroidManifest.xml:6:22-78
13
14    <application>
14-->src/main/AndroidManifest.xml:7:5-18:19
15        <activity
15-->src/main/AndroidManifest.xml:8:9-11:50
16            android:name="com.monscanner.CameraActivity"
16-->src/main/AndroidManifest.xml:8:19-49
17            android:configChanges="orientation"
17-->src/main/AndroidManifest.xml:9:13-48
18            android:screenOrientation="portrait"
18-->src/main/AndroidManifest.xml:10:13-49
19            android:theme="@style/NoActionBar" />
19-->src/main/AndroidManifest.xml:11:13-47
20        <activity
20-->src/main/AndroidManifest.xml:12:9-17:50
21            android:name="com.monscanner.ScanActivity"
21-->src/main/AndroidManifest.xml:13:13-41
22            android:configChanges="orientation"
22-->src/main/AndroidManifest.xml:14:13-48
23            android:label="@string/lib_name"
23-->src/main/AndroidManifest.xml:15:13-45
24            android:screenOrientation="portrait"
24-->src/main/AndroidManifest.xml:16:13-49
25            android:theme="@style/NoActionBar" />
25-->src/main/AndroidManifest.xml:17:13-47
26    </application>
27
28</manifest>